2026-02-07 00:07:16,829 [INFO] Activator:176 - 


2026-02-07 00:07:16,832 [INFO] Activator:177 - !SESSION log4j initialized
2026-02-07 00:07:22,273 [INFO] LogOutputStream:77 - [STDOUT_REDIRECT] 
2026-02-07 00:07:29,239 [INFO] ApplicationProperties:184 - Using Application install path: D:\KS\STM32Cubeide\STM32CubeIDE_1.18.0\STM32CubeIDE\plugins\com.st.stm32cube.common.mx_6.14.0.202502271554
2026-02-07 00:07:29,253 [INFO] DbMcusXml:78 - Set database path to: D:\KS\STM32Cubeide\STM32CubeIDE_1.18.0\STM32CubeIDE\plugins\com.st.stm32cube.common.mx_6.14.0.202502271554\\db\/mcu/
2026-02-07 00:07:29,253 [INFO] ApiDb:274 - Set plugin database path to: D:\KS\STM32Cubeide\STM32CubeIDE_1.18.0\STM32CubeIDE\plugins\com.st.stm32cube.common.mx_6.14.0.202502271554\\db\/plugins/boardmanager/
2026-02-07 00:07:29,254 [WARN] ApiDb:259 - Overriding images path with different value:  => D:\KS\STM32Cubeide\STM32CubeIDE_1.18.0\STM32CubeIDE\plugins\com.st.stm32cube.common.mx_6.14.0.202502271554\\db\/plugins/mcufinder/images/
2026-02-07 00:07:29,259 [INFO] ApiDb:250 - Set database path to: C:\Users\kukun\.stmcufinder\plugins\mcufinder//mcu/
2026-02-07 00:07:29,259 [INFO] DbMcusAds:125 - Set database path to: C:\Users\kukun\.stmcufinder\plugins\mcufinder//mcu/
2026-02-07 00:07:29,262 [INFO] CrossReferenceDbSqlite:203 - Set database path to: C:\Users\kukun\.stmcufinder\plugins\mcufinder//mcu/cs/
2026-02-07 00:07:29,367 [INFO] RulesReader:64 - Compatibility file has been processed (301 Rules)
2026-02-07 00:07:29,436 [INFO] DbMcusXml:78 - Set database path to: D:\KS\STM32Cubeide\STM32CubeIDE_1.18.0\STM32CubeIDE\plugins\com.st.stm32cube.common.mx_6.14.0.202502271554\\db\/mcu/
2026-02-07 00:07:29,436 [INFO] ApiDb:274 - Set plugin database path to: D:\KS\STM32Cubeide\STM32CubeIDE_1.18.0\STM32CubeIDE\plugins\com.st.stm32cube.common.mx_6.14.0.202502271554\\db\/plugins/boardmanager/
2026-02-07 00:07:29,437 [INFO] ApiDb:261 - Set plugin images path to: D:\KS\STM32Cubeide\STM32CubeIDE_1.18.0\STM32CubeIDE\plugins\com.st.stm32cube.common.mx_6.14.0.202502271554\\db\/plugins/mcufinder/images/
2026-02-07 00:07:29,437 [WARN] DbFile:41 - Overriding database path with different value: C:\Users\kukun\.stmcufinder\plugins\mcufinder/ => C:\Users\kukun\.stmcufinder\plugins\mcufinder
2026-02-07 00:07:29,437 [INFO] ApiDb:250 - Set database path to: C:\Users\kukun\.stmcufinder\plugins\mcufinder//mcu/
2026-02-07 00:07:29,437 [WARN] DbFile:41 - Overriding database path with different value: C:\Users\kukun\.stmcufinder\plugins\mcufinder/ => C:\Users\kukun\.stmcufinder\plugins\mcufinder
2026-02-07 00:07:29,437 [INFO] DbMcusAds:125 - Set database path to: C:\Users\kukun\.stmcufinder\plugins\mcufinder//mcu/
2026-02-07 00:07:29,437 [WARN] DbFile:41 - Overriding database path with different value: C:\Users\kukun\.stmcufinder\plugins\mcufinder/ => C:\Users\kukun\.stmcufinder\plugins\mcufinder
2026-02-07 00:07:29,437 [WARN] DbFile:41 - Overriding database path with different value: C:\Users\kukun\.stmcufinder\plugins\mcufinder/ => C:\Users\kukun\.stmcufinder\plugins\mcufinder
2026-02-07 00:07:29,437 [INFO] CrossReferenceDbSqlite:203 - Set database path to: C:\Users\kukun\.stmcufinder\plugins\mcufinder//mcu/cs/
2026-02-07 00:07:29,518 [INFO] MainPanel:272 - HeapMemory: 268435456
2026-02-07 00:07:29,611 [INFO] DbMcusXml:78 - Set database path to: D:\KS\STM32Cubeide\STM32CubeIDE_1.18.0\STM32CubeIDE\plugins\com.st.stm32cube.common.mx_6.14.0.202502271554\\db\/mcu/
2026-02-07 00:07:29,612 [INFO] ApiDb:274 - Set plugin database path to: D:\KS\STM32Cubeide\STM32CubeIDE_1.18.0\STM32CubeIDE\plugins\com.st.stm32cube.common.mx_6.14.0.202502271554\\db\/plugins/boardmanager/
2026-02-07 00:07:29,612 [INFO] ApiDb:261 - Set plugin images path to: D:\KS\STM32Cubeide\STM32CubeIDE_1.18.0\STM32CubeIDE\plugins\com.st.stm32cube.common.mx_6.14.0.202502271554\\db\/plugins/mcufinder/images/
2026-02-07 00:07:29,612 [WARN] DbFile:41 - Overriding database path with different value: C:\Users\kukun\.stmcufinder\plugins\mcufinder/ => C:\Users\kukun\.stmcufinder\plugins\mcufinder
2026-02-07 00:07:29,612 [INFO] ApiDb:250 - Set database path to: C:\Users\kukun\.stmcufinder\plugins\mcufinder//mcu/
2026-02-07 00:07:29,612 [WARN] DbFile:41 - Overriding database path with different value: C:\Users\kukun\.stmcufinder\plugins\mcufinder/ => C:\Users\kukun\.stmcufinder\plugins\mcufinder
2026-02-07 00:07:29,612 [INFO] DbMcusAds:125 - Set database path to: C:\Users\kukun\.stmcufinder\plugins\mcufinder//mcu/
2026-02-07 00:07:29,612 [WARN] DbFile:41 - Overriding database path with different value: C:\Users\kukun\.stmcufinder\plugins\mcufinder/ => C:\Users\kukun\.stmcufinder\plugins\mcufinder
2026-02-07 00:07:29,612 [WARN] DbFile:41 - Overriding database path with different value: C:\Users\kukun\.stmcufinder\plugins\mcufinder/ => C:\Users\kukun\.stmcufinder\plugins\mcufinder
2026-02-07 00:07:29,612 [INFO] CrossReferenceDbSqlite:203 - Set database path to: C:\Users\kukun\.stmcufinder\plugins\mcufinder//mcu/cs/
2026-02-07 00:07:29,627 [INFO] ApplicationProperties:184 - Using Application install path: D:\KS\STM32Cubeide\STM32CubeIDE_1.18.0\STM32CubeIDE\plugins\com.st.stm32cube.common.mx_6.14.0.202502271554
2026-02-07 00:07:29,628 [INFO] PluginManage:196 - Search for loadable plugins [exclusion list=, ]
2026-02-07 00:07:29,630 [INFO] PluginManage:310 - Check plugin analytics
2026-02-07 00:07:34,776 [INFO] AnalyticsPlugin:253 - Accepted Software Licenses: 
2026-02-07 00:07:34,776 [INFO] AnalyticsPlugin:255 - Accepted CMSIS Pack Licenses: 
2026-02-07 00:07:34,776 [INFO] AnalyticsPlugin:257 - Accepted Firmware Licenses: 
2026-02-07 00:07:34,779 [INFO] PluginManage:359 - Loaded plugin analytics (category:tool,tabindex:-1)
2026-02-07 00:07:34,779 [INFO] PluginManage:310 - Check plugin cadmodel
2026-02-07 00:07:34,798 [INFO] CADModel:105 - Init CAD model plugin
2026-02-07 00:07:34,798 [INFO] PluginManage:359 - Loaded plugin cadmodel (category:power,tabindex:5)
2026-02-07 00:07:34,798 [INFO] PluginManage:310 - Check plugin clock
2026-02-07 00:07:34,819 [INFO] PluginManage:359 - Loaded plugin clock (category:base,tabindex:2)
2026-02-07 00:07:34,820 [INFO] PluginManage:310 - Check plugin ddr
2026-02-07 00:07:34,821 [INFO] PluginManage:359 - Loaded plugin ddr (category:tool,tabindex:6)
2026-02-07 00:07:34,822 [INFO] PluginManage:310 - Check plugin filemanager
2026-02-07 00:07:34,948 [INFO] PluginManage:359 - Loaded plugin filemanager (category:base,tabindex:10)
2026-02-07 00:07:34,948 [INFO] PluginManage:310 - Check plugin ipmanager
2026-02-07 00:07:34,954 [INFO] PluginManage:359 - Loaded plugin ipmanager (category:base,tabindex:5)
2026-02-07 00:07:34,954 [INFO] PluginManage:310 - Check plugin lpbam
2026-02-07 00:07:34,976 [INFO] PluginManage:359 - Loaded plugin lpbam (category:base,tabindex:0)
2026-02-07 00:07:34,976 [INFO] PluginManage:310 - Check plugin memorymap
2026-02-07 00:07:34,997 [INFO] PluginManage:359 - Loaded plugin memorymap (category:base,tabindex:4)
2026-02-07 00:07:34,998 [INFO] PluginManage:310 - Check plugin pinoutandconfiguration
2026-02-07 00:07:35,016 [INFO] PluginManage:359 - Loaded plugin pinoutandconfiguration (category:base,tabindex:1)
2026-02-07 00:07:35,017 [INFO] PluginManage:310 - Check plugin pinoutconfig
2026-02-07 00:07:35,096 [WARN] SupportedApi:132 - Cannot load RTOS API schema: s4s-elt-must-match.1: The content of 'definitions' must match (annotation?, (simpleType | complexType)?, (unique | key | keyref)*)). A problem was found starting at: attribute.
2026-02-07 00:07:35,212 [INFO] PluginManage:359 - Loaded plugin pinoutconfig (category:base,tabindex:0)
2026-02-07 00:07:35,212 [INFO] PluginManage:310 - Check plugin power
2026-02-07 00:07:35,236 [INFO] PluginManage:359 - Loaded plugin power (category:power,tabindex:4)
2026-02-07 00:07:35,236 [INFO] PluginManage:310 - Check plugin projectmanager
2026-02-07 00:07:35,249 [INFO] PluginManage:359 - Loaded plugin projectmanager (category:projectmanager,tabindex:4)
2026-02-07 00:07:35,249 [INFO] PluginManage:310 - Check plugin rif
2026-02-07 00:07:35,269 [INFO] PluginManage:359 - Loaded plugin rif (category:base,tabindex:3)
2026-02-07 00:07:35,269 [INFO] PluginManage:310 - Check plugin thirdparty
2026-02-07 00:07:35,554 [INFO] PluginManage:359 - Loaded plugin thirdparty (category:base,tabindex:-1)
2026-02-07 00:07:35,554 [WARN] IntegrityCheckThread:84 - waiting for thirdparty lock release [integrity check]
2026-02-07 00:07:35,554 [INFO] PluginManage:310 - Check plugin tools
2026-02-07 00:07:35,554 [INFO] IntegrityCheckThread:86 - entering critical section [integrity check]
2026-02-07 00:07:35,555 [INFO] ThirdPartyUpdaterWithRetryManager:70 - Updater plugin not ready yet. [1/15]
2026-02-07 00:07:35,596 [INFO] PluginManage:359 - Loaded plugin tools (category:base,tabindex:7)
2026-02-07 00:07:35,596 [INFO] PluginManage:310 - Check plugin tutovideos
2026-02-07 00:07:35,772 [INFO] PluginManage:359 - Loaded plugin tutovideos (category:base,tabindex:-1)
2026-02-07 00:07:35,772 [INFO] PluginManage:310 - Check plugin updater
2026-02-07 00:07:35,791 [INFO] PluginManage:359 - Loaded plugin updater (category:base,tabindex:12)
2026-02-07 00:07:35,791 [INFO] PluginManage:310 - Check plugin userauth
2026-02-07 00:07:35,794 [INFO] UserAuth:118 - Init User Auth plugin
2026-02-07 00:07:35,795 [INFO] PluginManage:359 - Loaded plugin userauth (category:base,tabindex:14)
2026-02-07 00:07:35,795 [INFO] PluginManage:283 - PluginManage : Loaded plugins [18]
2026-02-07 00:07:35,976 [INFO] PinOutPanel:1589 - setPackage(No Configuration,No Configuration)
2026-02-07 00:07:36,057 [INFO] CADModel:165 - CPN selected for project level
2026-02-07 00:07:36,057 [INFO] CADModel:114 - Register for checkConnection events
2026-02-07 00:07:36,085 [INFO] IPUIPlugin:80 - create IPUIPlugin
2026-02-07 00:07:36,086 [INFO] PluginManager:220 - loadIPPluginJar : add adc
2026-02-07 00:07:36,129 [INFO] IPUIPlugin:80 - create IPUIPlugin
2026-02-07 00:07:36,129 [INFO] PluginManager:220 - loadIPPluginJar : add aes
2026-02-07 00:07:36,172 [INFO] IPUIPlugin:80 - create IPUIPlugin
2026-02-07 00:07:36,172 [INFO] PluginManager:220 - loadIPPluginJar : add can
2026-02-07 00:07:36,200 [INFO] IPUIPlugin:80 - create IPUIPlugin
2026-02-07 00:07:36,200 [INFO] PluginManager:220 - loadIPPluginJar : add comp
2026-02-07 00:07:36,235 [INFO] IPUIPlugin:80 - create IPUIPlugin
2026-02-07 00:07:36,235 [INFO] PluginManager:220 - loadIPPluginJar : add cryp
2026-02-07 00:07:36,249 [INFO] IPUIPlugin:80 - create IPUIPlugin
2026-02-07 00:07:36,249 [INFO] PluginManager:220 - loadIPPluginJar : add ddr_ctrl_phy
2026-02-07 00:07:36,282 [INFO] IPUIPlugin:80 - create IPUIPlugin
2026-02-07 00:07:36,282 [INFO] PluginManager:220 - loadIPPluginJar : add dfsdm
2026-02-07 00:07:36,295 [INFO] IPUIPlugin:80 - create IPUIPlugin
2026-02-07 00:07:36,295 [INFO] PluginManager:220 - loadIPPluginJar : add dma
2026-02-07 00:07:36,337 [INFO] IPUIPlugin:80 - create IPUIPlugin
2026-02-07 00:07:36,337 [INFO] PluginManager:220 - loadIPPluginJar : add dma3
2026-02-07 00:07:36,384 [INFO] IPUIPlugin:80 - create IPUIPlugin
2026-02-07 00:07:36,384 [INFO] PluginManager:220 - loadIPPluginJar : add extmemmanager
2026-02-07 00:07:36,407 [INFO] IPUIPlugin:80 - create IPUIPlugin
2026-02-07 00:07:36,407 [INFO] PluginManager:220 - loadIPPluginJar : add fatfs
2026-02-07 00:07:36,455 [INFO] IPUIPlugin:80 - create IPUIPlugin
2026-02-07 00:07:36,455 [INFO] PluginManager:220 - loadIPPluginJar : add fmc
2026-02-07 00:07:36,471 [INFO] IPUIPlugin:80 - create IPUIPlugin
2026-02-07 00:07:36,471 [INFO] PluginManager:220 - loadIPPluginJar : add freertos
2026-02-07 00:07:36,496 [INFO] IPUIPlugin:80 - create IPUIPlugin
2026-02-07 00:07:36,496 [INFO] PluginManager:220 - loadIPPluginJar : add genericplugin
2026-02-07 00:07:36,604 [INFO] IPUIPlugin:80 - create IPUIPlugin
2026-02-07 00:07:36,604 [INFO] PluginManager:220 - loadIPPluginJar : add gfxmmu
2026-02-07 00:07:36,734 [INFO] IPUIPlugin:80 - create IPUIPlugin
2026-02-07 00:07:36,734 [INFO] PluginManager:220 - loadIPPluginJar : add gic
2026-02-07 00:07:36,748 [INFO] IPUIPlugin:80 - create IPUIPlugin
2026-02-07 00:07:36,748 [INFO] PluginManager:220 - loadIPPluginJar : add gpio
2026-02-07 00:07:36,853 [INFO] IPUIPlugin:80 - create IPUIPlugin
2026-02-07 00:07:36,853 [INFO] PluginManager:220 - loadIPPluginJar : add gtzc
2026-02-07 00:07:36,889 [INFO] IPUIPlugin:80 - create IPUIPlugin
2026-02-07 00:07:36,889 [INFO] PluginManager:220 - loadIPPluginJar : add hash
2026-02-07 00:07:36,942 [INFO] IPUIPlugin:80 - create IPUIPlugin
2026-02-07 00:07:36,942 [INFO] PluginManager:220 - loadIPPluginJar : add i2c
2026-02-07 00:07:36,983 [INFO] IPUIPlugin:80 - create IPUIPlugin
2026-02-07 00:07:36,983 [INFO] PluginManager:220 - loadIPPluginJar : add i2s
2026-02-07 00:07:37,025 [INFO] IPUIPlugin:80 - create IPUIPlugin
2026-02-07 00:07:37,025 [INFO] PluginManager:220 - loadIPPluginJar : add i3c
2026-02-07 00:07:37,135 [INFO] IPUIPlugin:80 - create IPUIPlugin
2026-02-07 00:07:37,135 [INFO] PluginManager:220 - loadIPPluginJar : add ipddr
2026-02-07 00:07:37,233 [INFO] IPUIPlugin:80 - create IPUIPlugin
2026-02-07 00:07:37,234 [INFO] PluginManager:220 - loadIPPluginJar : add linkedlist
2026-02-07 00:07:37,273 [INFO] IPUIPlugin:80 - create IPUIPlugin
2026-02-07 00:07:37,273 [INFO] PluginManager:220 - loadIPPluginJar : add lorawan
2026-02-07 00:07:37,317 [INFO] IPUIPlugin:80 - create IPUIPlugin
2026-02-07 00:07:37,317 [INFO] PluginManager:220 - loadIPPluginJar : add ltdc
2026-02-07 00:07:37,332 [INFO] IPUIPlugin:80 - create IPUIPlugin
2026-02-07 00:07:37,333 [INFO] PluginManager:220 - loadIPPluginJar : add mdma
2026-02-07 00:07:37,347 [INFO] IPUIPlugin:80 - create IPUIPlugin
2026-02-07 00:07:37,347 [INFO] PluginManager:220 - loadIPPluginJar : add nvic
2026-02-07 00:07:37,392 [INFO] IPUIPlugin:80 - create IPUIPlugin
2026-02-07 00:07:37,392 [INFO] PluginManager:220 - loadIPPluginJar : add opamp
2026-02-07 00:07:37,460 [INFO] IPUIPlugin:80 - create IPUIPlugin
2026-02-07 00:07:37,460 [INFO] PluginManager:220 - loadIPPluginJar : add openamp
2026-02-07 00:07:37,508 [INFO] IPUIPlugin:80 - create IPUIPlugin
2026-02-07 00:07:37,508 [INFO] PluginManager:220 - loadIPPluginJar : add pdm2pcm
2026-02-07 00:07:37,522 [INFO] IPUIPlugin:80 - create IPUIPlugin
2026-02-07 00:07:37,524 [INFO] PluginManager:220 - loadIPPluginJar : add plateformsettings
2026-02-07 00:07:37,551 [INFO] IPUIPlugin:80 - create IPUIPlugin
2026-02-07 00:07:37,551 [INFO] PluginManager:220 - loadIPPluginJar : add quadspi
2026-02-07 00:07:37,585 [INFO] IPUIPlugin:80 - create IPUIPlugin
2026-02-07 00:07:37,586 [INFO] PluginManager:220 - loadIPPluginJar : add radio
2026-02-07 00:07:37,602 [INFO] IPUIPlugin:80 - create IPUIPlugin
2026-02-07 00:07:37,602 [INFO] PluginManager:220 - loadIPPluginJar : add resmgrutility
2026-02-07 00:07:37,658 [INFO] IPUIPlugin:80 - create IPUIPlugin
2026-02-07 00:07:37,658 [INFO] PluginManager:220 - loadIPPluginJar : add sai
2026-02-07 00:07:37,699 [INFO] IPUIPlugin:80 - create IPUIPlugin
2026-02-07 00:07:37,699 [INFO] PluginManager:220 - loadIPPluginJar : add spi
2026-02-07 00:07:37,777 [INFO] IPUIPlugin:80 - create IPUIPlugin
2026-02-07 00:07:37,778 [INFO] PluginManager:220 - loadIPPluginJar : add stm32_wpan
2026-02-07 00:07:37,805 [INFO] IPUIPlugin:80 - create IPUIPlugin
2026-02-07 00:07:37,805 [INFO] PluginManager:220 - loadIPPluginJar : add tim
2026-02-07 00:07:37,870 [INFO] IPUIPlugin:80 - create IPUIPlugin
2026-02-07 00:07:37,870 [INFO] PluginManager:220 - loadIPPluginJar : add touchsensing
2026-02-07 00:07:37,896 [INFO] IPUIPlugin:80 - create IPUIPlugin
2026-02-07 00:07:37,896 [INFO] PluginManager:220 - loadIPPluginJar : add tracer_emb
2026-02-07 00:07:37,899 [INFO] IPUIPlugin:80 - create IPUIPlugin
2026-02-07 00:07:37,899 [INFO] PluginManager:220 - loadIPPluginJar : add ts
2026-02-07 00:07:37,927 [INFO] IPUIPlugin:80 - create IPUIPlugin
2026-02-07 00:07:37,928 [INFO] PluginManager:220 - loadIPPluginJar : add tsc
2026-02-07 00:07:37,930 [INFO] IPUIPlugin:80 - create IPUIPlugin
2026-02-07 00:07:37,930 [INFO] PluginManager:220 - loadIPPluginJar : add ucpd
2026-02-07 00:07:37,983 [INFO] IPUIPlugin:80 - create IPUIPlugin
2026-02-07 00:07:37,983 [INFO] PluginManager:220 - loadIPPluginJar : add usart
2026-02-07 00:07:38,033 [INFO] IPUIPlugin:80 - create IPUIPlugin
2026-02-07 00:07:38,034 [INFO] PluginManager:220 - loadIPPluginJar : add usbx
2026-02-07 00:07:38,152 [FATAL] Updater:351 - Updater called before beeing initialized
2026-02-07 00:07:38,178 [INFO] RulesReader:64 - Compatibility file has been processed (301 Rules)
2026-02-07 00:07:38,185 [INFO] RulesReader:64 - Compatibility file has been processed (301 Rules)
2026-02-07 00:07:38,192 [INFO] CADModel:165 - CPN selected for project level
2026-02-07 00:07:38,192 [INFO] CADModel:114 - Register for checkConnection events
2026-02-07 00:07:38,192 [FATAL] Updater:351 - Updater called before beeing initialized
2026-02-07 00:07:38,192 [ERROR] CADModel:125 - Updater not yet initialized, retry later 
2026-02-07 00:07:38,310 [FATAL] Updater:351 - Updater called before beeing initialized
2026-02-07 00:07:38,311 [INFO] CADModel:165 - CPN selected for project level
2026-02-07 00:07:38,311 [INFO] CADModel:114 - Register for checkConnection events
2026-02-07 00:07:38,311 [FATAL] Updater:351 - Updater called before beeing initialized
2026-02-07 00:07:38,311 [ERROR] CADModel:125 - Updater not yet initialized, retry later 
2026-02-07 00:07:38,314 [FATAL] Updater:351 - Updater called before beeing initialized
2026-02-07 00:07:38,396 [FATAL] Updater:351 - Updater called before beeing initialized
2026-02-07 00:07:38,408 [INFO] DbMcusAds:53 - JSON generation date=Thu Jan 08 22:57:51 ICT 2026 (1767887871456)
2026-02-07 00:07:38,409 [FATAL] Updater:351 - Updater called before beeing initialized
2026-02-07 00:07:38,487 [WARN] DetailPanel:346 - Failed to get advertising image, set to default
2026-02-07 00:07:38,555 [INFO] ThirdPartyUpdaterWithRetryManager:70 - Updater plugin not ready yet. [2/15]
2026-02-07 00:07:38,696 [FATAL] Updater:351 - Updater called before beeing initialized
2026-02-07 00:07:38,698 [FATAL] Updater:351 - Updater called before beeing initialized
2026-02-07 00:07:38,698 [FATAL] Updater:351 - Updater called before beeing initialized
2026-02-07 00:07:38,698 [WARN] DetailPanel:346 - Failed to get advertising image, set to default
2026-02-07 00:07:38,699 [FATAL] Updater:351 - Updater called before beeing initialized
2026-02-07 00:07:38,748 [ERROR] Updater:1198 - MainUpdater not yet initialized. External WinMGr cannot be set.
2026-02-07 00:07:38,760 [INFO] Updater:1134 - Updater Version found : 6.14.0
2026-02-07 00:07:38,776 [INFO] ApplicationProperties:184 - Using Application install path: D:\KS\STM32Cubeide\STM32CubeIDE_1.18.0\STM32CubeIDE\plugins\com.st.stm32cube.common.mx_6.14.0.202502271554
2026-02-07 00:07:40,359 [ERROR] LogOutputStream:75 - [STDERR_REDIRECT] Feb 07, 2026 12:07:40 AM java.util.prefs.WindowsPreferences <init>
2026-02-07 00:07:40,360 [ERROR] LogOutputStream:75 - [STDERR_REDIRECT] WARNING: Could not open/create prefs root node Software\JavaSoft\Prefs at root 0xffffffff80000002. Windows RegCreateKeyEx(...) returned error code 5.
2026-02-07 00:07:40,361 [ERROR] LogOutputStream:75 - [STDERR_REDIRECT] 
2026-02-07 00:07:40,645 [INFO] MainUpdater:2872 - connection check result : 10
2026-02-07 00:07:40,646 [INFO] MainUpdater:289 - Updater Check For Update Now.
2026-02-07 00:07:40,646 [INFO] MicroXplorer:498 - Change Database Version : DB.6.0.140
2026-02-07 00:07:40,655 [INFO] McuFinderGlobals:63 - Set McuFinder mode to 2 (CubeIDE integrated)
2026-02-07 00:07:40,655 [INFO] UserAuth:171 - activating auth plugin
2026-02-07 00:07:40,659 [INFO] UserAuth:486 - Internet connection configuration mode: 1
2026-02-07 00:07:40,695 [INFO] JxBrowserEngine:152 - Initiate JxBrowser Engine with user profile folder
2026-02-07 00:07:40,888 [INFO] CheckServerUpdateThread:120 - End of CheckServer Thread
2026-02-07 00:07:41,922 [WARN] PackLoader:240 - Cannot read IP mode file for STMicroelectronics.FP-SNS-MOTENVWB1.1.4.0
2026-02-07 00:07:41,944 [WARN] PackLoader:240 - Cannot read IP mode file for STMicroelectronics.FP-ATR-ASTRA1.2.0.2
2026-02-07 00:07:41,979 [WARN] PackLoader:240 - Cannot read IP mode file for STMicroelectronics.X-CUBE-SMBUS.2.1.0
2026-02-07 00:07:42,017 [WARN] PackLoader:240 - Cannot read IP mode file for STMicroelectronics.X-CUBE-WB05N.1.1.0
2026-02-07 00:07:42,095 [WARN] PackLoader:240 - Cannot read IP mode file for STMicroelectronics.X-CUBE-AZRTOS-F7.1.1.0
2026-02-07 00:07:42,117 [ERROR] Engine:466 - C:\Users\kukun\.stm32cubemx\thirdparties\pdsc\STMicroelectronics.FP-SNS-MOTENV1.5.1.0.pdsc: PDSC version is not supported
2026-02-07 00:07:42,134 [WARN] PackLoader:240 - Cannot read IP mode file for STMicroelectronics.FP-SNS-FLIGHT1.5.0.2
2026-02-07 00:07:42,178 [WARN] PackLoader:240 - Cannot read IP mode file for Infineon.AIROC-Wi-Fi-Bluetooth-STM32.1.7.0
2026-02-07 00:07:42,228 [WARN] PackLoader:240 - Cannot read IP mode file for STMicroelectronics.X-CUBE-AZRTOS-H7.3.4.0
2026-02-07 00:07:42,253 [WARN] PackLoader:240 - Cannot read IP mode file for STMicroelectronics.X-CUBE-DISPLAY.3.0.0
2026-02-07 00:07:42,278 [WARN] PackLoader:240 - Cannot read IP mode file for STMicroelectronics.X-CUBE-BLE1.7.0.0
2026-02-07 00:07:42,298 [WARN] PackLoader:240 - Cannot read IP mode file for STMicroelectronics.X-CUBE-NFC10.1.0.0
2026-02-07 00:07:42,319 [WARN] PackLoader:240 - Cannot read IP mode file for STMicroelectronics.X-CUBE-BLEMGR.4.0.0
2026-02-07 00:07:42,340 [WARN] PackLoader:240 - Cannot read IP mode file for STMicroelectronics.X-CUBE-ST60.1.1.0
2026-02-07 00:07:42,360 [WARN] PackLoader:240 - Cannot read IP mode file for emotas.I-CUBE-CANOPEN.1.3.0
2026-02-07 00:07:42,377 [WARN] PackLoader:240 - Cannot read IP mode file for STMicroelectronics.X-CUBE-GNSS1.7.1.0
2026-02-07 00:07:42,392 [WARN] PackLoader:240 - Cannot read IP mode file for STMicroelectronics.X-CUBE-AI.10.0.0
2026-02-07 00:07:42,407 [ERROR] Engine:466 - C:\Users\kukun\.stm32cubemx\thirdparties\pdsc\STMicroelectronics.FP-SNS-STBOX1.2.1.0.pdsc: PDSC version is not supported
2026-02-07 00:07:42,422 [WARN] PackLoader:240 - Cannot read IP mode file for STMicroelectronics.FP-SNS-SMARTAG2.1.2.0
2026-02-07 00:07:42,438 [WARN] PackLoader:240 - Cannot read IP mode file for STMicroelectronics.FP-SNS-FLIGHT1.5.1.0
2026-02-07 00:07:42,466 [INFO] WebApp:169 - Instantiating new browser for Auth
2026-02-07 00:07:42,511 [WARN] PackLoader:240 - Cannot read IP mode file for STMicroelectronics.X-CUBE-MEMS1.11.1.0
2026-02-07 00:07:42,692 [INFO] LogOutputStream:77 - [STDOUT_REDIRECT] 1 : Invalid condition id : UX_CORESTACK_Condition cause : null
2026-02-07 00:07:42,692 [INFO] LogOutputStream:77 - [STDOUT_REDIRECT] 1 : Invalid condition id : UX_CORESTACK_Condition cause : null
2026-02-07 00:07:42,693 [INFO] LogOutputStream:77 - [STDOUT_REDIRECT] 1 : Invalid condition id : UX_CORESTACK_Condition cause : null
2026-02-07 00:07:42,694 [INFO] LogOutputStream:77 - [STDOUT_REDIRECT] 1 : Invalid condition id : UX_CORESTACK_Condition cause : null
2026-02-07 00:07:42,695 [INFO] LogOutputStream:77 - [STDOUT_REDIRECT] 1 : Invalid condition id : UX_CORESTACK_Condition cause : null
2026-02-07 00:07:42,697 [WARN] PackLoader:240 - Cannot read IP mode file for STMicroelectronics.X-CUBE-AZRTOS-WL.2.0.0
2026-02-07 00:07:42,716 [WARN] PackLoader:240 - Cannot read IP mode file for STMicroelectronics.FP-SNS-MOTENV1.5.0.0
2026-02-07 00:07:42,756 [WARN] PackLoader:240 - Cannot read IP mode file for STMicroelectronics.X-CUBE-AZRTOS-H7RS.1.2.0
2026-02-07 00:07:42,781 [WARN] PackLoader:240 - Cannot read IP mode file for WES.I-CUBE-Cesium.1.3.0
2026-02-07 00:07:42,795 [WARN] PackLoader:240 - Cannot read IP mode file for STMicroelectronics.X-CUBE-BLE2.3.3.0
2026-02-07 00:07:42,860 [WARN] PackLoader:240 - Cannot read IP mode file for STMicroelectronics.X-CUBE-NFC9.1.0.0
2026-02-07 00:07:42,876 [WARN] PackLoader:240 - Cannot read IP mode file for STMicroelectronics.X-CUBE-BLE1.7.1.0
2026-02-07 00:07:42,888 [WARN] PackLoader:240 - Cannot read IP mode file for wolfSSL.I-CUBE-wolfMQTT.1.19.2
2026-02-07 00:07:42,900 [ERROR] Engine:466 - C:\Users\kukun\.stm32cubemx\thirdparties\pdsc\STMicroelectronics.X-CUBE-FREERTOS.1.4.0.pdsc: PDSC version is not supported
2026-02-07 00:07:42,916 [WARN] PackLoader:240 - Cannot read IP mode file for STMicroelectronics.X-CUBE-EEPRMA1.5.2.0
2026-02-07 00:07:42,963 [WARN] PackLoader:240 - Cannot read IP mode file for STMicroelectronics.X-CUBE-MEMS1.12.0.0
2026-02-07 00:07:43,053 [WARN] PackLoader:240 - Cannot read IP mode file for STMicroelectronics.X-CUBE-MEMS1.11.2.0
2026-02-07 00:07:43,178 [WARN] PackLoader:240 - Cannot read IP mode file for STMicroelectronics.X-CUBE-AZRTOS-G0.1.1.0
2026-02-07 00:07:43,201 [WARN] PackLoader:240 - Cannot read IP mode file for STMicroelectronics.X-CUBE-SAFEA1.1.2.2
2026-02-07 00:07:43,220 [WARN] PackLoader:240 - Cannot read IP mode file for STMicroelectronics.X-CUBE-NFC4.3.0.0
2026-02-07 00:07:43,242 [WARN] PackLoader:240 - Cannot read IP mode file for EmbeddedOffice.I-CUBE-FS-RTOS.1.0.1
2026-02-07 00:07:43,257 [WARN] PackLoader:240 - Cannot read IP mode file for STMicroelectronics.X-CUBE-WB05N.2.0.0
2026-02-07 00:07:43,276 [WARN] PackLoader:240 - Cannot read IP mode file for wolfSSL.I-CUBE-wolfTPM.3.8.0
2026-02-07 00:07:43,299 [WARN] PackLoader:240 - Cannot read IP mode file for STMicroelectronics.X-CUBE-TCPP.4.2.0
2026-02-07 00:07:43,327 [WARN] PackLoader:240 - Cannot read IP mode file for RealThread.X-CUBE-RT-Thread_Nano.4.1.1
2026-02-07 00:07:43,351 [WARN] PackLoader:240 - Cannot read IP mode file for STMicroelectronics.FP-ATR-SIGFOX1.3.2.0
2026-02-07 00:07:43,369 [WARN] ConditionMgr:438 - getConditionDescription Invalid condition id : Cortex-A Device cause : null
2026-02-07 00:07:43,405 [WARN] ConditionMgr:1044 - genDependencies : Invalid condition id : Cortex-A Device cause : null
2026-02-07 00:07:43,405 [WARN] ConditionMgr:1044 - genDependencies : Invalid condition id : Cortex-A Device cause : null
2026-02-07 00:07:43,405 [WARN] ConditionMgr:1044 - genDependencies : Invalid condition id : Cortex-A Device cause : null
2026-02-07 00:07:43,425 [WARN] PackLoader:240 - Cannot read IP mode file for STMicroelectronics.X-CUBE-EEPRMA1.5.1.0
2026-02-07 00:07:43,427 [INFO] WebApp:463 - Apply proxy settings
2026-02-07 00:07:43,428 [INFO] WebApp:548 - Chromium requires no authentication
2026-02-07 00:07:43,447 [WARN] PackLoader:240 - Cannot read IP mode file for wolfSSL.I-CUBE-wolfSSL.5.7.6
2026-02-07 00:07:43,455 [INFO] WebApp:491 - Direct internet connection detected
2026-02-07 00:07:43,471 [WARN] PackLoader:240 - Cannot read IP mode file for ITTIA_DB.I-CUBE-ITTIADB.8.9.0
2026-02-07 00:07:43,494 [WARN] PackLoader:240 - Cannot read IP mode file for STMicroelectronics.X-CUBE-NFC6.3.2.0
2026-02-07 00:07:43,512 [WARN] PackLoader:240 - Cannot read IP mode file for STMicroelectronics.X-CUBE-AI.10.2.0
2026-02-07 00:07:43,515 [INFO] WebApp:894 - Register for checkConnection events
2026-02-07 00:07:43,515 [INFO] WebApp:463 - Apply proxy settings
2026-02-07 00:07:43,515 [INFO] WebApp:548 - Chromium requires no authentication
2026-02-07 00:07:43,515 [INFO] WebApp:491 - Direct internet connection detected
2026-02-07 00:07:43,547 [WARN] PackLoader:240 - Cannot read IP mode file for SEGGER.I-CUBE-embOS.1.3.1
2026-02-07 00:07:43,599 [WARN] PackLoader:240 - Cannot read IP mode file for STMicroelectronics.X-CUBE-ALGOBUILD.1.4.0
2026-02-07 00:07:43,631 [WARN] PackLoader:240 - Cannot read IP mode file for STMicroelectronics.X-CUBE-PM33A1.1.0.0
2026-02-07 00:07:43,668 [WARN] PackLoader:240 - Cannot read IP mode file for STMicroelectronics.X-CUBE-AZRTOS-F4.1.1.0
2026-02-07 00:07:43,686 [WARN] PackLoader:240 - Cannot read IP mode file for Avnet-IotConnect.X-CUBE-IoTC-DA16k-PMOD.1.0.0
2026-02-07 00:07:43,704 [WARN] PackLoader:240 - Cannot read IP mode file for STMicroelectronics.X-CUBE-ISPU.2.1.0
2026-02-07 00:07:43,731 [ERROR] Engine:466 - C:\Users\kukun\.stm32cubemx\thirdparties\pdsc\STMicroelectronics.X-CUBE-IPS.3.2.0.pdsc: PDSC version is not supported
2026-02-07 00:07:43,747 [INFO] WebApp:191 - Connection restablished
2026-02-07 00:07:43,761 [WARN] PackLoader:240 - Cannot read IP mode file for STMicroelectronics.X-CUBE-NFC12.1.0.0
2026-02-07 00:07:43,807 [WARN] PackLoader:240 - Cannot read IP mode file for STMicroelectronics.X-CUBE-AZRTOS-L5.2.0.0
2026-02-07 00:07:43,834 [WARN] PackLoader:240 - Cannot read IP mode file for STMicroelectronics.X-CUBE-NFC6.3.1.0
2026-02-07 00:07:43,858 [WARN] PackLoader:240 - Cannot read IP mode file for STMicroelectronics.X-CUBE-DPower.1.2.0
2026-02-07 00:07:43,879 [WARN] PackLoader:240 - Cannot read IP mode file for STMicroelectronics.X-CUBE-FREERTOS.1.3.1
2026-02-07 00:07:43,897 [INFO] WebApp:225 - Starting web application
2026-02-07 00:07:43,897 [INFO] WebApp:593 - Web application path used D:\KS\STM32Cubeide\STM32CubeIDE_1.18.0\STM32CubeIDE\plugins\com.st.stm32cube.common.mx_6.14.0.202502271554\db\plugins\mcufinder\reactClient1\index.html
2026-02-07 00:07:43,900 [WARN] PackLoader:240 - Cannot read IP mode file for STMicroelectronics.X-CUBE-FREERTOS.1.3.0
2026-02-07 00:07:43,925 [WARN] PackLoader:240 - Cannot read IP mode file for STMicroelectronics.X-CUBE-NFC7.1.0.1
2026-02-07 00:07:43,965 [WARN] PackLoader:240 - Cannot read IP mode file for STMicroelectronics.X-CUBE-TOUCHGFX.4.26.0
2026-02-07 00:07:43,993 [WARN] PackLoader:240 - Cannot read IP mode file for STMicroelectronics.FP-SNS-STAIOTCFT.1.0.0
2026-02-07 00:07:44,016 [WARN] PackLoader:240 - Cannot read IP mode file for STMicroelectronics.X-CUBE-DPower.1.3.0
2026-02-07 00:07:44,060 [WARN] ConditionMgr:438 - getConditionDescription Invalid condition id : LAN8742 Phy interface Condition cause : null
2026-02-07 00:07:44,061 [WARN] PackLoader:240 - Cannot read IP mode file for STMicroelectronics.X-CUBE-AZRTOS-L4.2.0.0
2026-02-07 00:07:44,062 [WARN] ConditionMgr:1044 - genDependencies : Invalid condition id : LAN8742 Phy interface Condition cause : null
2026-02-07 00:07:44,063 [WARN] ConditionMgr:1044 - genDependencies : Invalid condition id : LAN8742 Phy interface Condition cause : null
2026-02-07 00:07:44,064 [WARN] ConditionMgr:1044 - genDependencies : Invalid condition id : LAN8742 Phy interface Condition cause : null
2026-02-07 00:07:44,087 [WARN] PackLoader:240 - Cannot read IP mode file for STMicroelectronics.X-CUBE-SFXS2LP1.4.0.0
2026-02-07 00:07:44,111 [ERROR] Engine:466 - C:\Users\kukun\.stm32cubemx\thirdparties\pdsc\STMicroelectronics.X-CUBE-ST67W61.1.2.0.pdsc: PDSC version is not supported
2026-02-07 00:07:44,152 [WARN] PackLoader:240 - Cannot read IP mode file for STMicroelectronics.X-CUBE-AZRTOS-H7.3.3.0
2026-02-07 00:07:44,175 [WARN] PackLoader:240 - Cannot read IP mode file for STMicroelectronics.X-CUBE-BLEMGR.4.1.0
2026-02-07 00:07:44,214 [WARN] ConditionMgr:438 - getConditionDescription Invalid condition id : UX DEVICE CLASS RTOS Condition cause : null
2026-02-07 00:07:44,214 [WARN] ConditionMgr:438 - getConditionDescription Invalid condition id : UX DEVICE CLASS RTOS Condition cause : null
2026-02-07 00:07:44,216 [WARN] PackLoader:240 - Cannot read IP mode file for STMicroelectronics.X-CUBE-AZRTOS-WB.2.0.0
2026-02-07 00:07:44,216 [WARN] ConditionMgr:1044 - genDependencies : Invalid condition id : UX DEVICE CLASS RTOS Condition cause : null
2026-02-07 00:07:44,216 [WARN] ConditionMgr:1044 - genDependencies : Invalid condition id : UX DEVICE CLASS RTOS Condition cause : null
2026-02-07 00:07:44,216 [WARN] ConditionMgr:1044 - genDependencies : Invalid condition id : UX DEVICE CLASS RTOS Condition cause : null
2026-02-07 00:07:44,217 [WARN] ConditionMgr:1044 - genDependencies : Invalid condition id : UX DEVICE CLASS RTOS Condition cause : null
2026-02-07 00:07:44,217 [WARN] ConditionMgr:1044 - genDependencies : Invalid condition id : UX DEVICE CLASS RTOS Condition cause : null
2026-02-07 00:07:44,238 [WARN] PackLoader:240 - Cannot read IP mode file for STMicroelectronics.X-CUBE-GNSS1.7.0.1
2026-02-07 00:07:44,258 [WARN] PackLoader:240 - Cannot read IP mode file for STMicroelectronics.X-CUBE-TOUCHGFX.4.25.0
2026-02-07 00:07:44,276 [WARN] PackLoader:240 - Cannot read IP mode file for STMicroelectronics.FP-SNS-STBOX1.2.0.0
2026-02-07 00:07:44,298 [WARN] PackLoader:240 - Cannot read IP mode file for STMicroelectronics.X-CUBE-STSE01.2.0.0
2026-02-07 00:07:44,320 [WARN] PackLoader:240 - Cannot read IP mode file for STMicroelectronics.X-CUBE-SUBG2.5.0.0
2026-02-07 00:07:44,355 [WARN] PackLoader:240 - Cannot read IP mode file for STMicroelectronics.X-CUBE-AZRTOS-H7RS.1.1.0
2026-02-07 00:07:44,377 [WARN] PackLoader:240 - Cannot read IP mode file for Cesanta.I-CUBE-Mongoose.7.13.0
2026-02-07 00:07:44,406 [WARN] PackLoader:240 - Cannot read IP mode file for STMicroelectronics.X-CUBE-AZRTOS-G4.2.0.0
2026-02-07 00:07:44,412 [WARN] PackLoader:240 - Cannot read IP mode file for wolfSSL.I-CUBE-wolfSSH.1.4.20
2026-02-07 00:07:44,431 [WARN] PackLoader:240 - Cannot read IP mode file for STMicroelectronics.X-CUBE-NFC7.2.0.0
2026-02-07 00:07:44,453 [WARN] PackLoader:240 - Cannot read IP mode file for STMicroelectronics.X-CUBE-IPS.3.1.0
2026-02-07 00:07:44,473 [WARN] PackLoader:240 - Cannot read IP mode file for STMicroelectronics.X-CUBE-ALS.1.0.2
2026-02-07 00:07:44,490 [WARN] PackLoader:240 - Cannot read IP mode file for STMicroelectronics.X-CUBE-TOUCHGFX.4.24.2
2026-02-07 00:07:44,509 [WARN] PackLoader:240 - Cannot read IP mode file for portGmbH.I-Cube-SoM-uGOAL.1.1.0
2026-02-07 00:07:44,537 [WARN] PackLoader:240 - Cannot read IP mode file for STMicroelectronics.X-CUBE-AZRTOS-H7RS.1.0.0
2026-02-07 00:07:44,556 [WARN] PackLoader:240 - Cannot read IP mode file for STMicroelectronics.X-CUBE-TOF1.3.4.2
2026-02-07 00:07:44,583 [WARN] PackLoader:240 - Cannot read IP mode file for STMicroelectronics.X-CUBE-TOF1.3.4.3
2026-02-07 00:07:44,589 [INFO] ThirdParty:978 - Integrity check success = true
2026-02-07 00:07:44,590 [INFO] IntegrityCheckThread:100 - exiting critical section [integrity check]
2026-02-07 00:07:44,590 [INFO] IntegrityCheckThread:103 - End integrity checks thread
2026-02-07 00:08:35,987 [ERROR] LogOutputStream:75 - [STDERR_REDIRECT] 
